2022/02/05 08:33:10 [notice] 1#1: using the "epoll" event method
2022/02/05 08:33:10 [notice] 1#1: nginx/1.21.5
2022/02/05 08:33:10 [notice] 1#1: built by gcc 10.2.1 20210110 (Debian 10.2.1-6) 
2022/02/05 08:33:10 [notice] 1#1: OS: Linux 5.10.76-linuxkit
2022/02/05 08:33:10 [notice] 1#1: getrlimit(RLIMIT_NOFILE): 1048576:1048576
2022/02/05 08:33:10 [notice] 1#1: start worker processes
2022/02/05 08:33:10 [notice] 1#1: start worker process 31
2022/02/05 08:33:10 [notice] 1#1: start worker process 32
2022/02/05 08:33:10 [notice] 1#1: start worker process 33
2022/02/05 08:33:10 [notice] 1#1: start worker process 34
2022/02/05 08:33:10 [notice] 1#1: start worker process 35
2022/02/05 08:33:10 [notice] 1#1: start worker process 36
2022/02/05 08:35:05 [notice] 1#1: signal 3 (SIGQUIT) received, shutting down
2022/02/05 08:35:05 [notice] 31#31: gracefully shutting down
2022/02/05 08:35:05 [notice] 32#32: gracefully shutting down
2022/02/05 08:35:05 [notice] 32#32: exiting
2022/02/05 08:35:05 [notice] 33#33: gracefully shutting down
2022/02/05 08:35:05 [notice] 33#33: exiting
2022/02/05 08:35:05 [notice] 34#34: gracefully shutting down
2022/02/05 08:35:05 [notice] 34#34: exiting
2022/02/05 08:35:05 [notice] 35#35: gracefully shutting down
2022/02/05 08:35:05 [notice] 35#35: exiting
2022/02/05 08:35:05 [notice] 36#36: gracefully shutting down
2022/02/05 08:35:05 [notice] 31#31: exiting
2022/02/05 08:35:05 [notice] 32#32: exit
2022/02/05 08:35:05 [notice] 33#33: exit
2022/02/05 08:35:05 [notice] 34#34: exit
2022/02/05 08:35:05 [notice] 35#35: exit
2022/02/05 08:35:05 [notice] 36#36: exiting
2022/02/05 08:35:05 [notice] 31#31: exit
2022/02/05 08:35:05 [notice] 36#36: exit
2022/02/05 08:35:05 [notice] 1#1: signal 17 (SIGCHLD) received from 33
2022/02/05 08:35:05 [notice] 1#1: worker process 31 exited with code 0
2022/02/05 08:35:05 [notice] 1#1: worker process 33 exited with code 0
2022/02/05 08:35:05 [notice] 1#1: worker process 34 exited with code 0
2022/02/05 08:35:05 [notice] 1#1: signal 29 (SIGIO) received
2022/02/05 08:35:05 [notice] 1#1: signal 17 (SIGCHLD) received from 32
2022/02/05 08:35:05 [notice] 1#1: worker process 32 exited with code 0
2022/02/05 08:35:05 [notice] 1#1: worker process 35 exited with code 0
2022/02/05 08:35:05 [notice] 1#1: signal 29 (SIGIO) received
2022/02/05 08:35:05 [notice] 1#1: signal 17 (SIGCHLD) received from 36
2022/02/05 08:35:05 [notice] 1#1: worker process 36 exited with code 0
2022/02/05 08:35:05 [notice] 1#1: exit
2022/02/05 09:13:50 [notice] 1#1: using the "epoll" event method
2022/02/05 09:13:50 [notice] 1#1: nginx/1.21.5
2022/02/05 09:13:50 [notice] 1#1: built by gcc 10.2.1 20210110 (Debian 10.2.1-6) 
2022/02/05 09:13:50 [notice] 1#1: OS: Linux 5.10.76-linuxkit
2022/02/05 09:13:50 [notice] 1#1: getrlimit(RLIMIT_NOFILE): 1048576:1048576
2022/02/05 09:13:50 [notice] 1#1: start worker processes
2022/02/05 09:13:50 [notice] 1#1: start worker process 30
2022/02/05 09:13:50 [notice] 1#1: start worker process 31
2022/02/05 09:13:50 [notice] 1#1: start worker process 32
2022/02/05 09:13:50 [notice] 1#1: start worker process 33
2022/02/05 09:13:50 [notice] 1#1: start worker process 34
2022/02/05 09:13:50 [notice] 1#1: start worker process 35
2022/02/05 09:25:54 [notice] 1#1: signal 3 (SIGQUIT) received, shutting down
2022/02/05 09:25:54 [notice] 30#30: gracefully shutting down
2022/02/05 09:25:54 [notice] 31#31: gracefully shutting down
2022/02/05 09:25:54 [notice] 31#31: exiting
2022/02/05 09:25:54 [notice] 32#32: gracefully shutting down
2022/02/05 09:25:54 [notice] 32#32: exiting
2022/02/05 09:25:54 [notice] 34#34: gracefully shutting down
2022/02/05 09:25:54 [notice] 34#34: exiting
2022/02/05 09:25:54 [notice] 33#33: gracefully shutting down
2022/02/05 09:25:54 [notice] 33#33: exiting
2022/02/05 09:25:54 [notice] 35#35: gracefully shutting down
2022/02/05 09:25:54 [notice] 35#35: exiting
2022/02/05 09:25:54 [notice] 30#30: exiting
2022/02/05 09:25:54 [notice] 30#30: exit
2022/02/05 09:25:54 [notice] 31#31: exit
2022/02/05 09:25:54 [notice] 32#32: exit
2022/02/05 09:25:54 [notice] 34#34: exit
2022/02/05 09:25:54 [notice] 33#33: exit
2022/02/05 09:25:54 [notice] 35#35: exit
2022/02/05 09:25:54 [notice] 1#1: signal 17 (SIGCHLD) received from 30
2022/02/05 09:25:54 [notice] 1#1: worker process 30 exited with code 0
2022/02/05 09:25:54 [notice] 1#1: worker process 31 exited with code 0
2022/02/05 09:25:54 [notice] 1#1: worker process 32 exited with code 0
2022/02/05 09:25:54 [notice] 1#1: signal 29 (SIGIO) received
2022/02/05 09:25:54 [notice] 1#1: signal 17 (SIGCHLD) received from 31
2022/02/05 09:25:54 [notice] 1#1: signal 17 (SIGCHLD) received from 34
2022/02/05 09:25:54 [notice] 1#1: worker process 34 exited with code 0
2022/02/05 09:25:54 [notice] 1#1: worker process 35 exited with code 0
2022/02/05 09:25:54 [notice] 1#1: signal 29 (SIGIO) received
2022/02/05 09:25:54 [notice] 1#1: signal 17 (SIGCHLD) received from 33
2022/02/05 09:25:54 [notice] 1#1: worker process 33 exited with code 0
2022/02/05 09:25:54 [notice] 1#1: exit
2022/02/05 09:28:27 [notice] 1#1: using the "epoll" event method
2022/02/05 09:28:27 [notice] 1#1: nginx/1.21.5
2022/02/05 09:28:27 [notice] 1#1: built by gcc 10.2.1 20210110 (Debian 10.2.1-6) 
2022/02/05 09:28:27 [notice] 1#1: OS: Linux 5.10.76-linuxkit
2022/02/05 09:28:27 [notice] 1#1: getrlimit(RLIMIT_NOFILE): 1048576:1048576
2022/02/05 09:28:27 [notice] 1#1: start worker processes
2022/02/05 09:28:27 [notice] 1#1: start worker process 30
2022/02/05 09:28:27 [notice] 1#1: start worker process 31
2022/02/05 09:28:27 [notice] 1#1: start worker process 32
2022/02/05 09:28:27 [notice] 1#1: start worker process 33
2022/02/05 09:28:27 [notice] 1#1: start worker process 34
2022/02/05 09:28:27 [notice] 1#1: start worker process 35
2022/02/05 09:30:49 [notice] 1#1: signal 3 (SIGQUIT) received, shutting down
2022/02/05 09:30:49 [notice] 30#30: gracefully shutting down
2022/02/05 09:30:49 [notice] 31#31: gracefully shutting down
2022/02/05 09:30:49 [notice] 33#33: gracefully shutting down
2022/02/05 09:30:49 [notice] 33#33: exiting
2022/02/05 09:30:49 [notice] 34#34: gracefully shutting down
2022/02/05 09:30:49 [notice] 34#34: exiting
2022/02/05 09:30:49 [notice] 35#35: gracefully shutting down
2022/02/05 09:30:49 [notice] 32#32: gracefully shutting down
2022/02/05 09:30:49 [notice] 33#33: exit
2022/02/05 09:30:49 [notice] 34#34: exit
2022/02/05 09:30:49 [notice] 35#35: exiting
2022/02/05 09:30:49 [notice] 32#32: exiting
2022/02/05 09:30:49 [notice] 35#35: exit
2022/02/05 09:30:49 [notice] 32#32: exit
2022/02/05 09:30:49 [notice] 1#1: signal 17 (SIGCHLD) received from 33
2022/02/05 09:30:49 [notice] 1#1: worker process 33 exited with code 0
2022/02/05 09:30:49 [notice] 1#1: signal 29 (SIGIO) received
2022/02/05 09:30:49 [notice] 1#1: signal 17 (SIGCHLD) received from 35
2022/02/05 09:30:49 [notice] 1#1: worker process 35 exited with code 0
2022/02/05 09:30:49 [notice] 1#1: signal 29 (SIGIO) received
2022/02/05 09:30:49 [notice] 1#1: signal 17 (SIGCHLD) received from 34
2022/02/05 09:30:49 [notice] 1#1: worker process 32 exited with code 0
2022/02/05 09:30:49 [notice] 1#1: worker process 34 exited with code 0
2022/02/05 09:30:49 [notice] 1#1: signal 29 (SIGIO) received
2022/02/05 09:33:48 [notice] 1#1: using the "epoll" event method
2022/02/05 09:33:48 [notice] 1#1: nginx/1.21.5
2022/02/05 09:33:48 [notice] 1#1: built by gcc 10.2.1 20210110 (Debian 10.2.1-6) 
2022/02/05 09:33:48 [notice] 1#1: OS: Linux 5.10.76-linuxkit
2022/02/05 09:33:48 [notice] 1#1: getrlimit(RLIMIT_NOFILE): 1048576:1048576
2022/02/05 09:33:48 [notice] 1#1: start worker processes
2022/02/05 09:33:48 [notice] 1#1: start worker process 31
2022/02/05 09:33:48 [notice] 1#1: start worker process 32
2022/02/05 09:33:48 [notice] 1#1: start worker process 33
2022/02/05 09:33:48 [notice] 1#1: start worker process 34
2022/02/05 09:33:48 [notice] 1#1: start worker process 35
2022/02/05 09:33:48 [notice] 1#1: start worker process 36
2022/02/05 09:40:49 [notice] 1#1: signal 3 (SIGQUIT) received, shutting down
2022/02/05 09:40:49 [notice] 31#31: gracefully shutting down
2022/02/05 09:40:49 [notice] 32#32: gracefully shutting down
2022/02/05 09:40:49 [notice] 32#32: exiting
2022/02/05 09:40:49 [notice] 34#34: gracefully shutting down
2022/02/05 09:40:49 [notice] 35#35: gracefully shutting down
2022/02/05 09:40:49 [notice] 36#36: gracefully shutting down
2022/02/05 09:40:49 [notice] 36#36: exiting
2022/02/05 09:40:49 [notice] 33#33: gracefully shutting down
2022/02/05 09:40:49 [notice] 32#32: exit
2022/02/05 09:40:49 [notice] 34#34: exiting
2022/02/05 09:40:49 [notice] 35#35: exiting
2022/02/05 09:40:49 [notice] 36#36: exit
2022/02/05 09:40:49 [notice] 33#33: exiting
2022/02/05 09:40:49 [notice] 34#34: exit
2022/02/05 09:40:49 [notice] 35#35: exit
2022/02/05 09:40:49 [notice] 33#33: exit
2022/02/05 09:40:49 [notice] 1#1: signal 17 (SIGCHLD) received from 34
2022/02/05 09:40:49 [notice] 1#1: worker process 32 exited with code 0
2022/02/05 09:40:49 [notice] 1#1: worker process 34 exited with code 0
2022/02/05 09:40:49 [notice] 1#1: worker process 36 exited with code 0
2022/02/05 09:40:49 [notice] 1#1: signal 29 (SIGIO) received
2022/02/05 09:40:49 [notice] 1#1: signal 17 (SIGCHLD) received from 36
2022/02/05 09:40:49 [notice] 1#1: signal 17 (SIGCHLD) received from 35
2022/02/05 09:40:49 [notice] 1#1: worker process 35 exited with code 0
2022/02/05 09:40:49 [notice] 1#1: signal 29 (SIGIO) received
2022/02/05 09:40:49 [notice] 1#1: signal 17 (SIGCHLD) received from 33
2022/02/05 09:40:49 [notice] 1#1: worker process 33 exited with code 0
2022/02/05 09:40:49 [notice] 1#1: signal 29 (SIGIO) received
2022/02/05 11:24:34 [notice] 1#1: using the "epoll" event method
2022/02/05 11:24:34 [notice] 1#1: nginx/1.21.5
2022/02/05 11:24:34 [notice] 1#1: built by gcc 10.2.1 20210110 (Debian 10.2.1-6) 
2022/02/05 11:24:34 [notice] 1#1: OS: Linux 5.10.76-linuxkit
2022/02/05 11:24:34 [notice] 1#1: getrlimit(RLIMIT_NOFILE): 1048576:1048576
2022/02/05 11:24:34 [notice] 1#1: start worker processes
2022/02/05 11:24:34 [notice] 1#1: start worker process 30
2022/02/05 11:24:34 [notice] 1#1: start worker process 31
2022/02/05 11:24:34 [notice] 1#1: start worker process 32
2022/02/05 11:24:34 [notice] 1#1: start worker process 33
2022/02/05 11:24:34 [notice] 1#1: start worker process 34
2022/02/05 11:24:34 [notice] 1#1: start worker process 35
2022/02/05 11:25:37 [notice] 1#1: signal 3 (SIGQUIT) received, shutting down
2022/02/05 11:25:37 [notice] 32#32: gracefully shutting down
2022/02/05 11:25:37 [notice] 32#32: exiting
2022/02/05 11:25:37 [notice] 33#33: gracefully shutting down
2022/02/05 11:25:37 [notice] 34#34: gracefully shutting down
2022/02/05 11:25:37 [notice] 31#31: gracefully shutting down
2022/02/05 11:25:37 [notice] 31#31: exiting
2022/02/05 11:25:37 [notice] 30#30: gracefully shutting down
2022/02/05 11:25:37 [notice] 35#35: gracefully shutting down
2022/02/05 11:25:37 [notice] 32#32: exit
2022/02/05 11:25:37 [notice] 33#33: exiting
2022/02/05 11:25:37 [notice] 34#34: exiting
2022/02/05 11:25:37 [notice] 34#34: exit
2022/02/05 11:25:37 [notice] 31#31: exit
2022/02/05 11:25:37 [notice] 35#35: exiting
2022/02/05 11:25:37 [notice] 33#33: exit
2022/02/05 11:25:37 [notice] 35#35: exit
2022/02/05 11:25:37 [notice] 1#1: signal 17 (SIGCHLD) received from 32
2022/02/05 11:25:37 [notice] 1#1: worker process 32 exited with code 0
2022/02/05 11:25:37 [notice] 1#1: worker process 35 exited with code 0
2022/02/05 11:25:37 [notice] 1#1: signal 29 (SIGIO) received
2022/02/05 11:25:37 [notice] 1#1: signal 17 (SIGCHLD) received from 34
2022/02/05 11:25:37 [notice] 1#1: worker process 31 exited with code 0
2022/02/05 11:25:37 [notice] 1#1: worker process 33 exited with code 0
2022/02/05 11:25:37 [notice] 1#1: worker process 34 exited with code 0
2022/02/05 11:25:37 [notice] 1#1: signal 29 (SIGIO) received
2022/02/05 11:28:41 [notice] 1#1: using the "epoll" event method
2022/02/05 11:28:41 [notice] 1#1: nginx/1.21.5
2022/02/05 11:28:41 [notice] 1#1: built by gcc 10.2.1 20210110 (Debian 10.2.1-6) 
2022/02/05 11:28:41 [notice] 1#1: OS: Linux 5.10.76-linuxkit
2022/02/05 11:28:41 [notice] 1#1: getrlimit(RLIMIT_NOFILE): 1048576:1048576
2022/02/05 11:28:41 [notice] 1#1: start worker processes
2022/02/05 11:28:41 [notice] 1#1: start worker process 30
2022/02/05 11:28:41 [notice] 1#1: start worker process 31
2022/02/05 11:28:41 [notice] 1#1: start worker process 32
2022/02/05 11:28:41 [notice] 1#1: start worker process 33
2022/02/05 11:28:41 [notice] 1#1: start worker process 34
2022/02/05 11:28:41 [notice] 1#1: start worker process 35
2022/02/05 11:29:09 [notice] 1#1: signal 3 (SIGQUIT) received, shutting down
2022/02/05 11:29:09 [notice] 30#30: gracefully shutting down
2022/02/05 11:29:09 [notice] 33#33: gracefully shutting down
2022/02/05 11:29:09 [notice] 33#33: exiting
2022/02/05 11:29:09 [notice] 34#34: gracefully shutting down
2022/02/05 11:29:09 [notice] 32#32: gracefully shutting down
2022/02/05 11:29:09 [notice] 32#32: exiting
2022/02/05 11:29:09 [notice] 31#31: gracefully shutting down
2022/02/05 11:29:09 [notice] 31#31: exiting
2022/02/05 11:29:09 [notice] 35#35: gracefully shutting down
2022/02/05 11:29:09 [notice] 33#33: exit
2022/02/05 11:29:09 [notice] 34#34: exiting
2022/02/05 11:29:09 [notice] 32#32: exit
2022/02/05 11:29:09 [notice] 31#31: exit
2022/02/05 11:29:09 [notice] 35#35: exiting
2022/02/05 11:29:09 [notice] 34#34: exit
2022/02/05 11:29:09 [notice] 35#35: exit
2022/02/05 11:29:09 [notice] 1#1: signal 17 (SIGCHLD) received from 33
2022/02/05 11:29:09 [notice] 1#1: worker process 33 exited with code 0
2022/02/05 11:29:09 [notice] 1#1: signal 29 (SIGIO) received
2022/02/05 11:29:09 [notice] 1#1: signal 17 (SIGCHLD) received from 32
2022/02/05 11:29:09 [notice] 1#1: worker process 32 exited with code 0
2022/02/05 11:29:09 [notice] 1#1: worker process 34 exited with code 0
2022/02/05 11:29:09 [notice] 1#1: worker process 35 exited with code 0
2022/02/05 11:29:09 [notice] 1#1: signal 29 (SIGIO) received
2022/02/05 11:29:09 [notice] 1#1: signal 17 (SIGCHLD) received from 31
2022/02/05 11:29:09 [notice] 1#1: worker process 31 exited with code 0
2022/02/05 11:29:09 [notice] 1#1: signal 29 (SIGIO) received
2022/02/05 11:29:57 [notice] 1#1: using the "epoll" event method
2022/02/05 11:29:57 [notice] 1#1: nginx/1.21.5
2022/02/05 11:29:57 [notice] 1#1: built by gcc 10.2.1 20210110 (Debian 10.2.1-6) 
2022/02/05 11:29:57 [notice] 1#1: OS: Linux 5.10.76-linuxkit
2022/02/05 11:29:57 [notice] 1#1: getrlimit(RLIMIT_NOFILE): 1048576:1048576
2022/02/05 11:29:57 [notice] 1#1: start worker processes
2022/02/05 11:29:57 [notice] 1#1: start worker process 30
2022/02/05 11:29:57 [notice] 1#1: start worker process 31
2022/02/05 11:29:57 [notice] 1#1: start worker process 32
2022/02/05 11:29:57 [notice] 1#1: start worker process 33
2022/02/05 11:29:57 [notice] 1#1: start worker process 34
2022/02/05 11:29:57 [notice] 1#1: start worker process 35
2022/02/05 11:36:26 [notice] 1#1: signal 3 (SIGQUIT) received, shutting down
2022/02/05 11:36:26 [notice] 30#30: gracefully shutting down
2022/02/05 11:36:26 [notice] 32#32: gracefully shutting down
2022/02/05 11:36:26 [notice] 31#31: gracefully shutting down
2022/02/05 11:36:26 [notice] 34#34: gracefully shutting down
2022/02/05 11:36:26 [notice] 34#34: exiting
2022/02/05 11:36:26 [notice] 33#33: gracefully shutting down
2022/02/05 11:36:26 [notice] 35#35: gracefully shutting down
2022/02/05 11:36:26 [notice] 32#32: exiting
2022/02/05 11:36:26 [notice] 31#31: exiting
2022/02/05 11:36:26 [notice] 34#34: exit
2022/02/05 11:36:26 [notice] 33#33: exiting
2022/02/05 11:36:26 [notice] 35#35: exiting
2022/02/05 11:36:26 [notice] 32#32: exit
2022/02/05 11:36:26 [notice] 31#31: exit
2022/02/05 11:36:26 [notice] 33#33: exit
2022/02/05 11:36:26 [notice] 35#35: exit
2022/02/05 11:36:26 [notice] 1#1: signal 17 (SIGCHLD) received from 34
2022/02/05 11:36:26 [notice] 1#1: worker process 34 exited with code 0
2022/02/05 11:36:26 [notice] 1#1: signal 29 (SIGIO) received
2022/02/05 11:36:26 [notice] 1#1: signal 17 (SIGCHLD) received from 32
2022/02/05 11:36:26 [notice] 1#1: worker process 31 exited with code 0
2022/02/05 11:36:26 [notice] 1#1: worker process 32 exited with code 0
2022/02/05 11:36:26 [notice] 1#1: signal 29 (SIGIO) received
2022/02/05 11:36:26 [notice] 1#1: signal 17 (SIGCHLD) received from 31
2022/02/05 11:36:26 [notice] 1#1: signal 17 (SIGCHLD) received from 35
2022/02/05 11:36:26 [notice] 1#1: worker process 33 exited with code 0
2022/02/05 11:36:26 [notice] 1#1: worker process 35 exited with code 0
2022/02/05 11:36:26 [notice] 1#1: signal 29 (SIGIO) received
2022/02/05 11:36:26 [notice] 1#1: signal 17 (SIGCHLD) received from 33
2022/02/05 11:40:07 [notice] 1#1: using the "epoll" event method
2022/02/05 11:40:07 [notice] 1#1: nginx/1.21.5
2022/02/05 11:40:07 [notice] 1#1: built by gcc 10.2.1 20210110 (Debian 10.2.1-6) 
2022/02/05 11:40:07 [notice] 1#1: OS: Linux 5.10.76-linuxkit
2022/02/05 11:40:07 [notice] 1#1: getrlimit(RLIMIT_NOFILE): 1048576:1048576
2022/02/05 11:40:07 [notice] 1#1: start worker processes
2022/02/05 11:40:07 [notice] 1#1: start worker process 30
2022/02/05 11:40:07 [notice] 1#1: start worker process 31
2022/02/05 11:40:07 [notice] 1#1: start worker process 32
2022/02/05 11:40:07 [notice] 1#1: start worker process 33
2022/02/05 11:40:07 [notice] 1#1: start worker process 34
2022/02/05 11:40:07 [notice] 1#1: start worker process 35
2022/02/05 13:43:16 [notice] 1#1: signal 3 (SIGQUIT) received, shutting down
2022/02/05 13:43:16 [notice] 30#30: gracefully shutting down
2022/02/05 13:43:16 [notice] 31#31: gracefully shutting down
2022/02/05 13:43:16 [notice] 33#33: gracefully shutting down
2022/02/05 13:43:16 [notice] 33#33: exiting
2022/02/05 13:43:16 [notice] 32#32: gracefully shutting down
2022/02/05 13:43:16 [notice] 32#32: exiting
2022/02/05 13:43:16 [notice] 34#34: gracefully shutting down
2022/02/05 13:43:16 [notice] 35#35: gracefully shutting down
2022/02/05 13:43:16 [notice] 31#31: exiting
2022/02/05 13:43:16 [notice] 33#33: exit
2022/02/05 13:43:16 [notice] 32#32: exit
2022/02/05 13:43:16 [notice] 34#34: exiting
2022/02/05 13:43:16 [notice] 35#35: exiting
2022/02/05 13:43:16 [notice] 31#31: exit
2022/02/05 13:43:16 [notice] 34#34: exit
2022/02/05 13:43:16 [notice] 35#35: exit
2022/02/05 13:43:16 [notice] 1#1: signal 17 (SIGCHLD) received from 32
2022/02/05 13:43:16 [notice] 1#1: worker process 32 exited with code 0
2022/02/05 13:43:16 [notice] 1#1: signal 29 (SIGIO) received
2022/02/05 13:43:16 [notice] 1#1: signal 17 (SIGCHLD) received from 31
2022/02/05 13:43:16 [notice] 1#1: worker process 31 exited with code 0
2022/02/05 13:43:16 [notice] 1#1: worker process 33 exited with code 0
2022/02/05 13:43:16 [notice] 1#1: worker process 34 exited with code 0
2022/02/05 13:43:16 [notice] 1#1: worker process 35 exited with code 0
2022/02/05 13:43:16 [notice] 1#1: signal 29 (SIGIO) received
2022/02/05 13:43:16 [notice] 1#1: signal 17 (SIGCHLD) received from 35
2022/02/05 13:43:46 [notice] 1#1: using the "epoll" event method
2022/02/05 13:43:46 [notice] 1#1: nginx/1.21.5
2022/02/05 13:43:46 [notice] 1#1: built by gcc 10.2.1 20210110 (Debian 10.2.1-6) 
2022/02/05 13:43:46 [notice] 1#1: OS: Linux 5.10.76-linuxkit
2022/02/05 13:43:46 [notice] 1#1: getrlimit(RLIMIT_NOFILE): 1048576:1048576
2022/02/05 13:43:46 [notice] 1#1: start worker processes
2022/02/05 13:43:46 [notice] 1#1: start worker process 31
2022/02/05 13:43:46 [notice] 1#1: start worker process 32
2022/02/05 13:43:46 [notice] 1#1: start worker process 33
2022/02/05 13:43:46 [notice] 1#1: start worker process 34
2022/02/05 13:43:46 [notice] 1#1: start worker process 35
2022/02/05 13:43:46 [notice] 1#1: start worker process 36
2022/02/05 14:00:47 [notice] 1#1: signal 3 (SIGQUIT) received, shutting down
2022/02/05 14:00:47 [notice] 31#31: gracefully shutting down
2022/02/05 14:00:47 [notice] 36#36: gracefully shutting down
2022/02/05 14:00:47 [notice] 35#35: gracefully shutting down
2022/02/05 14:00:47 [notice] 34#34: gracefully shutting down
2022/02/05 14:00:47 [notice] 32#32: gracefully shutting down
2022/02/05 14:00:47 [notice] 33#33: gracefully shutting down
2022/02/05 14:00:47 [notice] 36#36: exiting
2022/02/05 14:00:47 [notice] 35#35: exiting
2022/02/05 14:00:47 [notice] 34#34: exiting
2022/02/05 14:00:47 [notice] 32#32: exiting
2022/02/05 14:00:47 [notice] 33#33: exiting
2022/02/05 14:00:47 [notice] 36#36: exit
2022/02/05 14:00:47 [notice] 35#35: exit
2022/02/05 14:00:47 [notice] 34#34: exit
2022/02/05 14:00:47 [notice] 32#32: exit
2022/02/05 14:00:47 [notice] 33#33: exit
2022/02/05 14:00:47 [notice] 1#1: signal 17 (SIGCHLD) received from 36
2022/02/05 14:00:47 [notice] 1#1: worker process 36 exited with code 0
2022/02/05 14:00:47 [notice] 1#1: signal 29 (SIGIO) received
2022/02/05 14:00:47 [notice] 1#1: signal 17 (SIGCHLD) received from 35
2022/02/05 14:00:47 [notice] 1#1: worker process 32 exited with code 0
2022/02/05 14:00:47 [notice] 1#1: worker process 33 exited with code 0
2022/02/05 14:00:47 [notice] 1#1: worker process 34 exited with code 0
2022/02/05 14:00:47 [notice] 1#1: worker process 35 exited with code 0
2022/02/05 14:00:47 [notice] 1#1: signal 29 (SIGIO) received
2022/02/05 14:00:47 [notice] 1#1: signal 17 (SIGCHLD) received from 33
2022/02/05 14:01:10 [notice] 1#1: using the "epoll" event method
2022/02/05 14:01:10 [notice] 1#1: nginx/1.21.5
2022/02/05 14:01:10 [notice] 1#1: built by gcc 10.2.1 20210110 (Debian 10.2.1-6) 
2022/02/05 14:01:10 [notice] 1#1: OS: Linux 5.10.76-linuxkit
2022/02/05 14:01:10 [notice] 1#1: getrlimit(RLIMIT_NOFILE): 1048576:1048576
2022/02/05 14:01:10 [notice] 1#1: start worker processes
2022/02/05 14:01:10 [notice] 1#1: start worker process 31
2022/02/05 14:01:10 [notice] 1#1: start worker process 32
2022/02/05 14:01:10 [notice] 1#1: start worker process 33
2022/02/05 14:01:10 [notice] 1#1: start worker process 34
2022/02/05 14:01:10 [notice] 1#1: start worker process 35
2022/02/05 14:01:10 [notice] 1#1: start worker process 36
2022/02/05 14:18:22 [notice] 1#1: signal 3 (SIGQUIT) received, shutting down
2022/02/05 14:18:22 [notice] 32#32: gracefully shutting down
2022/02/05 14:18:22 [notice] 32#32: exiting
2022/02/05 14:18:22 [notice] 33#33: gracefully shutting down
2022/02/05 14:18:22 [notice] 33#33: exiting
2022/02/05 14:18:22 [notice] 36#36: gracefully shutting down
2022/02/05 14:18:22 [notice] 36#36: exiting
2022/02/05 14:18:22 [notice] 34#34: gracefully shutting down
2022/02/05 14:18:22 [notice] 34#34: exiting
2022/02/05 14:18:22 [notice] 35#35: gracefully shutting down
2022/02/05 14:18:22 [notice] 31#31: gracefully shutting down
2022/02/05 14:18:22 [notice] 31#31: exiting
2022/02/05 14:18:22 [notice] 32#32: exit
2022/02/05 14:18:22 [notice] 33#33: exit
2022/02/05 14:18:22 [notice] 36#36: exit
2022/02/05 14:18:22 [notice] 34#34: exit
2022/02/05 14:18:22 [notice] 35#35: exiting
2022/02/05 14:18:22 [notice] 31#31: exit
2022/02/05 14:18:22 [notice] 35#35: exit
2022/02/05 14:18:22 [notice] 1#1: signal 17 (SIGCHLD) received from 32
2022/02/05 14:18:22 [notice] 1#1: worker process 32 exited with code 0
2022/02/05 14:18:22 [notice] 1#1: worker process 33 exited with code 0
2022/02/05 14:18:22 [notice] 1#1: signal 29 (SIGIO) received
2022/02/05 14:18:22 [notice] 1#1: signal 17 (SIGCHLD) received from 34
2022/02/05 14:18:22 [notice] 1#1: worker process 34 exited with code 0
2022/02/05 14:18:22 [notice] 1#1: worker process 35 exited with code 0
2022/02/05 14:18:22 [notice] 1#1: signal 29 (SIGIO) received
2022/02/05 14:18:22 [notice] 1#1: signal 17 (SIGCHLD) received from 36
2022/02/05 14:18:22 [notice] 1#1: worker process 36 exited with code 0
2022/02/05 14:18:22 [notice] 1#1: signal 29 (SIGIO) received
2022/02/05 14:18:22 [notice] 1#1: signal 17 (SIGCHLD) received from 31
2022/02/05 14:18:22 [notice] 1#1: worker process 31 exited with code 0
2022/02/05 14:18:22 [notice] 1#1: exit
2022/02/05 14:18:33 [notice] 1#1: using the "epoll" event method
2022/02/05 14:18:33 [notice] 1#1: nginx/1.21.5
2022/02/05 14:18:33 [notice] 1#1: built by gcc 10.2.1 20210110 (Debian 10.2.1-6) 
2022/02/05 14:18:33 [notice] 1#1: OS: Linux 5.10.76-linuxkit
2022/02/05 14:18:33 [notice] 1#1: getrlimit(RLIMIT_NOFILE): 1048576:1048576
2022/02/05 14:18:33 [notice] 1#1: start worker processes
2022/02/05 14:18:33 [notice] 1#1: start worker process 31
2022/02/05 14:18:33 [notice] 1#1: start worker process 32
2022/02/05 14:18:33 [notice] 1#1: start worker process 33
2022/02/05 14:18:33 [notice] 1#1: start worker process 34
2022/02/05 14:18:33 [notice] 1#1: start worker process 35
2022/02/05 14:18:33 [notice] 1#1: start worker process 36
2022/02/05 14:19:51 [notice] 1#1: signal 3 (SIGQUIT) received, shutting down
2022/02/05 14:19:51 [notice] 31#31: gracefully shutting down
2022/02/05 14:19:51 [notice] 31#31: exiting
2022/02/05 14:19:51 [notice] 33#33: gracefully shutting down
2022/02/05 14:19:51 [notice] 32#32: gracefully shutting down
2022/02/05 14:19:51 [notice] 32#32: exiting
2022/02/05 14:19:51 [notice] 34#34: gracefully shutting down
2022/02/05 14:19:51 [notice] 35#35: gracefully shutting down
2022/02/05 14:19:51 [notice] 35#35: exiting
2022/02/05 14:19:51 [notice] 36#36: gracefully shutting down
2022/02/05 14:19:51 [notice] 31#31: exit
2022/02/05 14:19:51 [notice] 33#33: exiting
2022/02/05 14:19:51 [notice] 32#32: exit
2022/02/05 14:19:51 [notice] 34#34: exiting
2022/02/05 14:19:51 [notice] 35#35: exit
2022/02/05 14:19:51 [notice] 36#36: exiting
2022/02/05 14:19:51 [notice] 33#33: exit
2022/02/05 14:19:51 [notice] 34#34: exit
2022/02/05 14:19:51 [notice] 36#36: exit
2022/02/05 14:19:51 [notice] 1#1: signal 17 (SIGCHLD) received from 32
2022/02/05 14:19:51 [notice] 1#1: worker process 31 exited with code 0
2022/02/05 14:19:51 [notice] 1#1: worker process 32 exited with code 0
2022/02/05 14:19:51 [notice] 1#1: worker process 35 exited with code 0
2022/02/05 14:19:51 [notice] 1#1: signal 29 (SIGIO) received
2022/02/05 14:19:51 [notice] 1#1: signal 17 (SIGCHLD) received from 33
2022/02/05 14:19:51 [notice] 1#1: worker process 33 exited with code 0
2022/02/05 14:19:51 [notice] 1#1: worker process 34 exited with code 0
2022/02/05 14:19:51 [notice] 1#1: worker process 36 exited with code 0
2022/02/05 14:19:51 [notice] 1#1: exit
2022/02/05 14:20:23 [notice] 1#1: using the "epoll" event method
2022/02/05 14:20:23 [notice] 1#1: nginx/1.21.5
2022/02/05 14:20:23 [notice] 1#1: built by gcc 10.2.1 20210110 (Debian 10.2.1-6) 
2022/02/05 14:20:23 [notice] 1#1: OS: Linux 5.10.76-linuxkit
2022/02/05 14:20:23 [notice] 1#1: getrlimit(RLIMIT_NOFILE): 1048576:1048576
2022/02/05 14:20:23 [notice] 1#1: start worker processes
2022/02/05 14:20:23 [notice] 1#1: start worker process 31
2022/02/05 14:20:23 [notice] 1#1: start worker process 32
2022/02/05 14:20:23 [notice] 1#1: start worker process 33
2022/02/05 14:20:23 [notice] 1#1: start worker process 34
2022/02/05 14:20:23 [notice] 1#1: start worker process 35
2022/02/05 14:20:23 [notice] 1#1: start worker process 36
2022/02/05 14:23:54 [notice] 1#1: signal 3 (SIGQUIT) received, shutting down
2022/02/05 14:23:54 [notice] 32#32: gracefully shutting down
2022/02/05 14:23:54 [notice] 32#32: exiting
2022/02/05 14:23:54 [notice] 31#31: gracefully shutting down
2022/02/05 14:23:54 [notice] 33#33: gracefully shutting down
2022/02/05 14:23:54 [notice] 34#34: gracefully shutting down
2022/02/05 14:23:54 [notice] 36#36: gracefully shutting down
2022/02/05 14:23:54 [notice] 36#36: exiting
2022/02/05 14:23:54 [notice] 35#35: gracefully shutting down
2022/02/05 14:23:54 [notice] 35#35: exiting
2022/02/05 14:23:54 [notice] 32#32: exit
2022/02/05 14:23:54 [notice] 31#31: exiting
2022/02/05 14:23:54 [notice] 33#33: exiting
2022/02/05 14:23:54 [notice] 34#34: exiting
2022/02/05 14:23:54 [notice] 36#36: exit
2022/02/05 14:23:54 [notice] 35#35: exit
2022/02/05 14:23:54 [notice] 31#31: exit
2022/02/05 14:23:54 [notice] 33#33: exit
2022/02/05 14:23:54 [notice] 34#34: exit
2022/02/05 14:23:54 [notice] 1#1: signal 17 (SIGCHLD) received from 32
2022/02/05 14:23:54 [notice] 1#1: worker process 31 exited with code 0
2022/02/05 14:23:54 [notice] 1#1: worker process 32 exited with code 0
2022/02/05 14:23:54 [notice] 1#1: worker process 33 exited with code 0
2022/02/05 14:23:54 [notice] 1#1: worker process 36 exited with code 0
2022/02/05 14:23:54 [notice] 1#1: signal 29 (SIGIO) received
2022/02/05 14:23:54 [notice] 1#1: signal 17 (SIGCHLD) received from 35
2022/02/05 14:23:54 [notice] 1#1: worker process 35 exited with code 0
2022/02/05 14:23:54 [notice] 1#1: signal 29 (SIGIO) received
2022/02/05 14:23:54 [notice] 1#1: signal 17 (SIGCHLD) received from 34
2022/02/05 14:23:54 [notice] 1#1: worker process 34 exited with code 0
2022/02/05 14:23:54 [notice] 1#1: exit
2022/02/05 14:24:24 [notice] 1#1: using the "epoll" event method
2022/02/05 14:24:24 [notice] 1#1: nginx/1.21.5
2022/02/05 14:24:24 [notice] 1#1: built by gcc 10.2.1 20210110 (Debian 10.2.1-6) 
2022/02/05 14:24:24 [notice] 1#1: OS: Linux 5.10.76-linuxkit
2022/02/05 14:24:24 [notice] 1#1: getrlimit(RLIMIT_NOFILE): 1048576:1048576
2022/02/05 14:24:24 [notice] 1#1: start worker processes
2022/02/05 14:24:24 [notice] 1#1: start worker process 31
2022/02/05 14:24:24 [notice] 1#1: start worker process 32
2022/02/05 14:24:24 [notice] 1#1: start worker process 33
2022/02/05 14:24:24 [notice] 1#1: start worker process 34
2022/02/05 14:24:24 [notice] 1#1: start worker process 35
2022/02/05 14:24:24 [notice] 1#1: start worker process 36
2022/02/05 14:28:18 [notice] 1#1: signal 3 (SIGQUIT) received, shutting down
2022/02/05 14:28:18 [notice] 32#32: gracefully shutting down
2022/02/05 14:28:18 [notice] 34#34: gracefully shutting down
2022/02/05 14:28:18 [notice] 34#34: exiting
2022/02/05 14:28:18 [notice] 33#33: gracefully shutting down
2022/02/05 14:28:18 [notice] 35#35: gracefully shutting down
2022/02/05 14:28:18 [notice] 31#31: gracefully shutting down
2022/02/05 14:28:18 [notice] 36#36: gracefully shutting down
2022/02/05 14:28:18 [notice] 36#36: exiting
2022/02/05 14:28:18 [notice] 32#32: exiting
2022/02/05 14:28:18 [notice] 34#34: exit
2022/02/05 14:28:18 [notice] 35#35: exiting
2022/02/05 14:28:18 [notice] 36#36: exit
2022/02/05 14:28:18 [notice] 32#32: exit
2022/02/05 14:28:18 [notice] 35#35: exit
2022/02/05 14:28:18 [notice] 1#1: signal 17 (SIGCHLD) received from 35
2022/02/05 14:28:18 [notice] 1#1: worker process 35 exited with code 0
2022/02/05 14:28:18 [notice] 1#1: signal 29 (SIGIO) received
2022/02/05 14:28:18 [notice] 1#1: signal 17 (SIGCHLD) received from 36
2022/02/05 14:28:18 [notice] 1#1: worker process 34 exited with code 0
2022/02/05 14:28:18 [notice] 1#1: worker process 36 exited with code 0
2022/02/05 14:28:18 [notice] 1#1: signal 29 (SIGIO) received
2022/02/05 14:28:18 [notice] 1#1: signal 17 (SIGCHLD) received from 32
2022/02/05 14:28:18 [notice] 1#1: worker process 32 exited with code 0
2022/02/05 14:28:18 [notice] 1#1: signal 29 (SIGIO) received
2022/02/05 14:28:26 [notice] 31#31: exiting
2022/02/05 14:28:26 [notice] 31#31: exit
2022/02/05 14:28:26 [notice] 1#1: signal 17 (SIGCHLD) received from 31
2022/02/05 14:28:26 [notice] 1#1: worker process 31 exited with code 0
2022/02/05 14:28:26 [notice] 1#1: signal 29 (SIGIO) received
2022/02/05 14:28:56 [notice] 1#1: using the "epoll" event method
2022/02/05 14:28:56 [notice] 1#1: nginx/1.21.5
2022/02/05 14:28:56 [notice] 1#1: built by gcc 10.2.1 20210110 (Debian 10.2.1-6) 
2022/02/05 14:28:56 [notice] 1#1: OS: Linux 5.10.76-linuxkit
2022/02/05 14:28:56 [notice] 1#1: getrlimit(RLIMIT_NOFILE): 1048576:1048576
2022/02/05 14:28:56 [notice] 1#1: start worker processes
2022/02/05 14:28:56 [notice] 1#1: start worker process 32
2022/02/05 14:28:56 [notice] 1#1: start worker process 33
2022/02/05 14:28:56 [notice] 1#1: start worker process 34
2022/02/05 14:28:56 [notice] 1#1: start worker process 35
2022/02/05 14:28:56 [notice] 1#1: start worker process 36
2022/02/05 14:28:56 [notice] 1#1: start worker process 37
2022/02/05 14:30:34 [notice] 1#1: signal 3 (SIGQUIT) received, shutting down
2022/02/05 14:30:34 [notice] 32#32: gracefully shutting down
2022/02/05 14:30:34 [notice] 33#33: gracefully shutting down
2022/02/05 14:30:34 [notice] 33#33: exiting
2022/02/05 14:30:34 [notice] 34#34: gracefully shutting down
2022/02/05 14:30:34 [notice] 34#34: exiting
2022/02/05 14:30:34 [notice] 36#36: gracefully shutting down
2022/02/05 14:30:34 [notice] 36#36: exiting
2022/02/05 14:30:34 [notice] 35#35: gracefully shutting down
2022/02/05 14:30:34 [notice] 35#35: exiting
2022/02/05 14:30:34 [notice] 37#37: gracefully shutting down
2022/02/05 14:30:34 [notice] 32#32: exiting
2022/02/05 14:30:34 [notice] 33#33: exit
2022/02/05 14:30:34 [notice] 34#34: exit
2022/02/05 14:30:34 [notice] 36#36: exit
2022/02/05 14:30:34 [notice] 35#35: exit
2022/02/05 14:30:34 [notice] 37#37: exiting
2022/02/05 14:30:34 [notice] 32#32: exit
2022/02/05 14:30:34 [notice] 37#37: exit
2022/02/05 14:30:34 [notice] 1#1: signal 17 (SIGCHLD) received from 34
2022/02/05 14:30:34 [notice] 1#1: worker process 33 exited with code 0
2022/02/05 14:30:34 [notice] 1#1: worker process 34 exited with code 0
2022/02/05 14:30:34 [notice] 1#1: signal 29 (SIGIO) received
2022/02/05 14:30:34 [notice] 1#1: signal 17 (SIGCHLD) received from 37
2022/02/05 14:30:34 [notice] 1#1: worker process 32 exited with code 0
2022/02/05 14:30:34 [notice] 1#1: worker process 35 exited with code 0
2022/02/05 14:30:34 [notice] 1#1: worker process 37 exited with code 0
2022/02/05 14:30:34 [notice] 1#1: signal 29 (SIGIO) received
2022/02/05 14:30:34 [notice] 1#1: signal 17 (SIGCHLD) received from 35
2022/02/05 14:30:34 [notice] 1#1: worker process 36 exited with code 0
2022/02/05 14:30:34 [notice] 1#1: exit
2022/02/05 14:31:19 [notice] 1#1: using the "epoll" event method
2022/02/05 14:31:19 [notice] 1#1: nginx/1.21.5
2022/02/05 14:31:19 [notice] 1#1: built by gcc 10.2.1 20210110 (Debian 10.2.1-6) 
2022/02/05 14:31:19 [notice] 1#1: OS: Linux 5.10.76-linuxkit
2022/02/05 14:31:19 [notice] 1#1: getrlimit(RLIMIT_NOFILE): 1048576:1048576
2022/02/05 14:31:19 [notice] 1#1: start worker processes
2022/02/05 14:31:19 [notice] 1#1: start worker process 30
2022/02/05 14:31:19 [notice] 1#1: start worker process 31
2022/02/05 14:31:19 [notice] 1#1: start worker process 32
2022/02/05 14:31:19 [notice] 1#1: start worker process 33
2022/02/05 14:31:19 [notice] 1#1: start worker process 34
2022/02/05 14:31:19 [notice] 1#1: start worker process 35
2022/02/05 14:34:38 [notice] 1#1: signal 3 (SIGQUIT) received, shutting down
2022/02/05 14:34:38 [notice] 33#33: gracefully shutting down
2022/02/05 14:34:38 [notice] 33#33: exiting
2022/02/05 14:34:38 [notice] 31#31: gracefully shutting down
2022/02/05 14:34:38 [notice] 31#31: exiting
2022/02/05 14:34:38 [notice] 35#35: gracefully shutting down
2022/02/05 14:34:38 [notice] 35#35: exiting
2022/02/05 14:34:38 [notice] 32#32: gracefully shutting down
2022/02/05 14:34:38 [notice] 32#32: exiting
2022/02/05 14:34:38 [notice] 30#30: gracefully shutting down
2022/02/05 14:34:38 [notice] 30#30: exiting
2022/02/05 14:34:38 [notice] 34#34: gracefully shutting down
2022/02/05 14:34:38 [notice] 33#33: exit
2022/02/05 14:34:38 [notice] 31#31: exit
2022/02/05 14:34:38 [notice] 35#35: exit
2022/02/05 14:34:38 [notice] 32#32: exit
2022/02/05 14:34:38 [notice] 30#30: exit
2022/02/05 14:34:38 [notice] 34#34: exiting
2022/02/05 14:34:38 [notice] 34#34: exit
2022/02/05 14:34:38 [notice] 1#1: signal 17 (SIGCHLD) received from 35
2022/02/05 14:34:38 [notice] 1#1: worker process 30 exited with code 0
2022/02/05 14:34:38 [notice] 1#1: worker process 33 exited with code 0
2022/02/05 14:34:38 [notice] 1#1: worker process 35 exited with code 0
2022/02/05 14:34:38 [notice] 1#1: signal 29 (SIGIO) received
2022/02/05 14:34:38 [notice] 1#1: signal 17 (SIGCHLD) received from 32
2022/02/05 14:34:38 [notice] 1#1: worker process 32 exited with code 0
2022/02/05 14:34:38 [notice] 1#1: worker process 34 exited with code 0
2022/02/05 14:34:38 [notice] 1#1: signal 29 (SIGIO) received
2022/02/05 14:34:38 [notice] 1#1: signal 17 (SIGCHLD) received from 31
2022/02/05 14:34:38 [notice] 1#1: worker process 31 exited with code 0
2022/02/05 14:34:38 [notice] 1#1: exit
2022/02/05 14:35:08 [notice] 1#1: using the "epoll" event method
2022/02/05 14:35:08 [notice] 1#1: nginx/1.21.5
2022/02/05 14:35:08 [notice] 1#1: built by gcc 10.2.1 20210110 (Debian 10.2.1-6) 
2022/02/05 14:35:08 [notice] 1#1: OS: Linux 5.10.76-linuxkit
2022/02/05 14:35:08 [notice] 1#1: getrlimit(RLIMIT_NOFILE): 1048576:1048576
2022/02/05 14:35:08 [notice] 1#1: start worker processes
2022/02/05 14:35:08 [notice] 1#1: start worker process 32
2022/02/05 14:35:08 [notice] 1#1: start worker process 33
2022/02/05 14:35:08 [notice] 1#1: start worker process 34
2022/02/05 14:35:08 [notice] 1#1: start worker process 35
2022/02/05 14:35:08 [notice] 1#1: start worker process 36
2022/02/05 14:35:08 [notice] 1#1: start worker process 37
2022/02/05 14:37:32 [notice] 1#1: signal 3 (SIGQUIT) received, shutting down
2022/02/05 14:37:32 [notice] 35#35: gracefully shutting down
2022/02/05 14:37:32 [notice] 35#35: exiting
2022/02/05 14:37:32 [notice] 32#32: gracefully shutting down
2022/02/05 14:37:32 [notice] 32#32: exiting
2022/02/05 14:37:32 [notice] 36#36: gracefully shutting down
2022/02/05 14:37:32 [notice] 36#36: exiting
2022/02/05 14:37:32 [notice] 34#34: gracefully shutting down
2022/02/05 14:37:32 [notice] 34#34: exiting
2022/02/05 14:37:32 [notice] 33#33: gracefully shutting down
2022/02/05 14:37:32 [notice] 33#33: exiting
2022/02/05 14:37:32 [notice] 37#37: gracefully shutting down
2022/02/05 14:37:32 [notice] 35#35: exit
2022/02/05 14:37:32 [notice] 32#32: exit
2022/02/05 14:37:32 [notice] 36#36: exit
2022/02/05 14:37:32 [notice] 34#34: exit
2022/02/05 14:37:32 [notice] 33#33: exit
2022/02/05 14:37:32 [notice] 37#37: exiting
2022/02/05 14:37:32 [notice] 37#37: exit
2022/02/05 14:37:32 [notice] 1#1: signal 17 (SIGCHLD) received from 33
2022/02/05 14:37:32 [notice] 1#1: worker process 32 exited with code 0
2022/02/05 14:37:32 [notice] 1#1: worker process 33 exited with code 0
2022/02/05 14:37:32 [notice] 1#1: worker process 34 exited with code 0
2022/02/05 14:37:32 [notice] 1#1: signal 29 (SIGIO) received
2022/02/05 14:37:32 [notice] 1#1: signal 17 (SIGCHLD) received from 36
2022/02/05 14:37:32 [notice] 1#1: worker process 36 exited with code 0
2022/02/05 14:37:32 [notice] 1#1: signal 29 (SIGIO) received
2022/02/05 14:37:32 [notice] 1#1: signal 17 (SIGCHLD) received from 35
2022/02/05 14:37:32 [notice] 1#1: worker process 35 exited with code 0
2022/02/05 14:37:32 [notice] 1#1: signal 29 (SIGIO) received
2022/02/05 14:37:32 [notice] 1#1: signal 17 (SIGCHLD) received from 37
2022/02/05 14:37:32 [notice] 1#1: worker process 37 exited with code 0
2022/02/05 14:37:32 [notice] 1#1: exit
2022/02/05 14:38:07 [notice] 1#1: using the "epoll" event method
2022/02/05 14:38:07 [notice] 1#1: nginx/1.21.5
2022/02/05 14:38:07 [notice] 1#1: built by gcc 10.2.1 20210110 (Debian 10.2.1-6) 
2022/02/05 14:38:07 [notice] 1#1: OS: Linux 5.10.76-linuxkit
2022/02/05 14:38:07 [notice] 1#1: getrlimit(RLIMIT_NOFILE): 1048576:1048576
2022/02/05 14:38:07 [notice] 1#1: start worker processes
2022/02/05 14:38:07 [notice] 1#1: start worker process 31
2022/02/05 14:38:07 [notice] 1#1: start worker process 32
2022/02/05 14:38:07 [notice] 1#1: start worker process 33
2022/02/05 14:38:07 [notice] 1#1: start worker process 34
2022/02/05 14:38:07 [notice] 1#1: start worker process 35
2022/02/05 14:38:07 [notice] 1#1: start worker process 36
2022/02/05 14:41:15 [notice] 1#1: signal 3 (SIGQUIT) received, shutting down
2022/02/05 14:41:15 [notice] 32#32: gracefully shutting down
2022/02/05 14:41:15 [notice] 34#34: gracefully shutting down
2022/02/05 14:41:15 [notice] 34#34: exiting
2022/02/05 14:41:15 [notice] 31#31: gracefully shutting down
2022/02/05 14:41:15 [notice] 31#31: exiting
2022/02/05 14:41:15 [notice] 35#35: gracefully shutting down
2022/02/05 14:41:15 [notice] 36#36: gracefully shutting down
2022/02/05 14:41:15 [notice] 32#32: exiting
2022/02/05 14:41:15 [notice] 32#32: exit
2022/02/05 14:41:15 [notice] 33#33: gracefully shutting down
2022/02/05 14:41:15 [notice] 34#34: exit
2022/02/05 14:41:15 [notice] 31#31: exit
2022/02/05 14:41:15 [notice] 35#35: exiting
2022/02/05 14:41:15 [notice] 36#36: exiting
2022/02/05 14:41:15 [notice] 33#33: exiting
2022/02/05 14:41:15 [notice] 35#35: exit
2022/02/05 14:41:15 [notice] 36#36: exit
2022/02/05 14:41:15 [notice] 33#33: exit
2022/02/05 14:41:15 [notice] 1#1: signal 17 (SIGCHLD) received from 32
2022/02/05 14:41:15 [notice] 1#1: worker process 32 exited with code 0
2022/02/05 14:41:15 [notice] 1#1: signal 29 (SIGIO) received
2022/02/05 14:41:15 [notice] 1#1: signal 17 (SIGCHLD) received from 31
2022/02/05 14:41:15 [notice] 1#1: worker process 31 exited with code 0
2022/02/05 14:41:15 [notice] 1#1: worker process 34 exited with code 0
2022/02/05 14:41:15 [notice] 1#1: worker process 35 exited with code 0
2022/02/05 14:41:15 [notice] 1#1: worker process 36 exited with code 0
2022/02/05 14:41:15 [notice] 1#1: signal 29 (SIGIO) received
2022/02/05 14:41:15 [notice] 1#1: signal 17 (SIGCHLD) received from 33
2022/02/05 14:41:15 [notice] 1#1: worker process 33 exited with code 0
2022/02/05 14:41:15 [notice] 1#1: exit
2022/02/05 14:41:50 [notice] 1#1: using the "epoll" event method
2022/02/05 14:41:50 [notice] 1#1: nginx/1.21.5
2022/02/05 14:41:50 [notice] 1#1: built by gcc 10.2.1 20210110 (Debian 10.2.1-6) 
2022/02/05 14:41:50 [notice] 1#1: OS: Linux 5.10.76-linuxkit
2022/02/05 14:41:50 [notice] 1#1: getrlimit(RLIMIT_NOFILE): 1048576:1048576
2022/02/05 14:41:50 [notice] 1#1: start worker processes
2022/02/05 14:41:50 [notice] 1#1: start worker process 30
2022/02/05 14:41:50 [notice] 1#1: start worker process 31
2022/02/05 14:41:50 [notice] 1#1: start worker process 32
2022/02/05 14:41:50 [notice] 1#1: start worker process 33
2022/02/05 14:41:50 [notice] 1#1: start worker process 34
2022/02/05 14:41:50 [notice] 1#1: start worker process 35
2022/02/05 14:47:18 [notice] 1#1: signal 3 (SIGQUIT) received, shutting down
2022/02/05 14:47:18 [notice] 30#30: gracefully shutting down
2022/02/05 14:47:18 [notice] 30#30: exiting
2022/02/05 14:47:18 [notice] 33#33: gracefully shutting down
2022/02/05 14:47:18 [notice] 33#33: exiting
2022/02/05 14:47:18 [notice] 31#31: gracefully shutting down
2022/02/05 14:47:18 [notice] 31#31: exiting
2022/02/05 14:47:18 [notice] 34#34: gracefully shutting down
2022/02/05 14:47:18 [notice] 34#34: exiting
2022/02/05 14:47:18 [notice] 35#35: gracefully shutting down
2022/02/05 14:47:18 [notice] 35#35: exiting
2022/02/05 14:47:18 [notice] 32#32: gracefully shutting down
2022/02/05 14:47:18 [notice] 32#32: exiting
2022/02/05 14:47:18 [notice] 30#30: exit
2022/02/05 14:47:18 [notice] 33#33: exit
2022/02/05 14:47:18 [notice] 31#31: exit
2022/02/05 14:47:18 [notice] 34#34: exit
2022/02/05 14:47:18 [notice] 35#35: exit
2022/02/05 14:47:18 [notice] 32#32: exit
2022/02/05 14:47:19 [notice] 1#1: signal 17 (SIGCHLD) received from 30
2022/02/05 14:47:19 [notice] 1#1: worker process 30 exited with code 0
2022/02/05 14:47:19 [notice] 1#1: signal 17 (SIGCHLD) received from 33
2022/02/05 14:47:19 [notice] 1#1: worker process 33 exited with code 0
2022/02/05 14:47:19 [notice] 1#1: signal 29 (SIGIO) received
2022/02/05 14:47:19 [notice] 1#1: signal 29 (SIGIO) received
2022/02/05 14:47:19 [notice] 1#1: signal 17 (SIGCHLD) received from 31
2022/02/05 14:47:19 [notice] 1#1: worker process 31 exited with code 0
2022/02/05 14:47:19 [notice] 1#1: worker process 32 exited with code 0
2022/02/05 14:47:19 [notice] 1#1: worker process 35 exited with code 0
2022/02/05 14:47:19 [notice] 1#1: signal 29 (SIGIO) received
2022/02/05 14:47:19 [notice] 1#1: signal 17 (SIGCHLD) received from 32
2022/02/05 14:47:19 [notice] 1#1: worker process 34 exited with code 0
2022/02/05 14:47:19 [notice] 1#1: exit
2022/02/05 14:47:50 [notice] 1#1: using the "epoll" event method
2022/02/05 14:47:50 [notice] 1#1: nginx/1.21.5
2022/02/05 14:47:50 [notice] 1#1: built by gcc 10.2.1 20210110 (Debian 10.2.1-6) 
2022/02/05 14:47:50 [notice] 1#1: OS: Linux 5.10.76-linuxkit
2022/02/05 14:47:50 [notice] 1#1: getrlimit(RLIMIT_NOFILE): 1048576:1048576
2022/02/05 14:47:50 [notice] 1#1: start worker processes
2022/02/05 14:47:50 [notice] 1#1: start worker process 31
2022/02/05 14:47:50 [notice] 1#1: start worker process 32
2022/02/05 14:47:50 [notice] 1#1: start worker process 33
2022/02/05 14:47:50 [notice] 1#1: start worker process 34
2022/02/05 14:47:50 [notice] 1#1: start worker process 35
2022/02/05 14:47:50 [notice] 1#1: start worker process 36
2022/02/05 14:48:32 [notice] 1#1: signal 3 (SIGQUIT) received, shutting down
2022/02/05 14:48:32 [notice] 31#31: gracefully shutting down
2022/02/05 14:48:32 [notice] 31#31: exiting
2022/02/05 14:48:32 [notice] 32#32: gracefully shutting down
2022/02/05 14:48:32 [notice] 34#34: gracefully shutting down
2022/02/05 14:48:32 [notice] 34#34: exiting
2022/02/05 14:48:32 [notice] 35#35: gracefully shutting down
2022/02/05 14:48:32 [notice] 35#35: exiting
2022/02/05 14:48:32 [notice] 33#33: gracefully shutting down
2022/02/05 14:48:32 [notice] 33#33: exiting
2022/02/05 14:48:32 [notice] 36#36: gracefully shutting down
2022/02/05 14:48:32 [notice] 36#36: exiting
2022/02/05 14:48:32 [notice] 31#31: exit
2022/02/05 14:48:32 [notice] 32#32: exiting
2022/02/05 14:48:32 [notice] 34#34: exit
2022/02/05 14:48:32 [notice] 35#35: exit
2022/02/05 14:48:32 [notice] 33#33: exit
2022/02/05 14:48:32 [notice] 36#36: exit
2022/02/05 14:48:32 [notice] 32#32: exit
2022/02/05 14:48:32 [notice] 1#1: signal 17 (SIGCHLD) received from 34
2022/02/05 14:48:32 [notice] 1#1: worker process 31 exited with code 0
2022/02/05 14:48:32 [notice] 1#1: worker process 34 exited with code 0
2022/02/05 14:48:32 [notice] 1#1: signal 29 (SIGIO) received
2022/02/05 14:48:32 [notice] 1#1: signal 17 (SIGCHLD) received from 31
2022/02/05 14:48:32 [notice] 1#1: signal 17 (SIGCHLD) received from 32
2022/02/05 14:48:32 [notice] 1#1: worker process 32 exited with code 0
2022/02/05 14:48:32 [notice] 1#1: worker process 35 exited with code 0
2022/02/05 14:48:32 [notice] 1#1: worker process 36 exited with code 0
2022/02/05 14:48:32 [notice] 1#1: signal 29 (SIGIO) received
2022/02/05 14:48:32 [notice] 1#1: signal 17 (SIGCHLD) received from 35
2022/02/05 14:48:32 [notice] 1#1: worker process 33 exited with code 0
2022/02/05 14:48:32 [notice] 1#1: exit
2022/02/05 14:49:01 [notice] 1#1: using the "epoll" event method
2022/02/05 14:49:01 [notice] 1#1: nginx/1.21.5
2022/02/05 14:49:01 [notice] 1#1: built by gcc 10.2.1 20210110 (Debian 10.2.1-6) 
2022/02/05 14:49:01 [notice] 1#1: OS: Linux 5.10.76-linuxkit
2022/02/05 14:49:01 [notice] 1#1: getrlimit(RLIMIT_NOFILE): 1048576:1048576
2022/02/05 14:49:01 [notice] 1#1: start worker processes
2022/02/05 14:49:01 [notice] 1#1: start worker process 31
2022/02/05 14:49:01 [notice] 1#1: start worker process 32
2022/02/05 14:49:01 [notice] 1#1: start worker process 33
2022/02/05 14:49:01 [notice] 1#1: start worker process 34
2022/02/05 14:49:01 [notice] 1#1: start worker process 35
2022/02/05 14:49:01 [notice] 1#1: start worker process 36
2022/02/05 16:38:10 [notice] 1#1: signal 3 (SIGQUIT) received, shutting down
2022/02/05 16:38:10 [notice] 31#31: gracefully shutting down
2022/02/05 16:38:10 [notice] 32#32: gracefully shutting down
2022/02/05 16:38:10 [notice] 33#33: gracefully shutting down
2022/02/05 16:38:10 [notice] 33#33: exiting
2022/02/05 16:38:10 [notice] 34#34: gracefully shutting down
2022/02/05 16:38:10 [notice] 36#36: gracefully shutting down
2022/02/05 16:38:10 [notice] 36#36: exiting
2022/02/05 16:38:10 [notice] 35#35: gracefully shutting down
2022/02/05 16:38:10 [notice] 35#35: exiting
2022/02/05 16:38:10 [notice] 32#32: exiting
2022/02/05 16:38:10 [notice] 33#33: exit
2022/02/05 16:38:10 [notice] 34#34: exiting
2022/02/05 16:38:10 [notice] 36#36: exit
2022/02/05 16:38:10 [notice] 35#35: exit
2022/02/05 16:38:10 [notice] 32#32: exit
2022/02/05 16:38:10 [notice] 34#34: exit
2022/02/05 16:38:10 [notice] 1#1: signal 17 (SIGCHLD) received from 32
2022/02/05 16:38:10 [notice] 1#1: worker process 32 exited with code 0
2022/02/05 16:38:10 [notice] 1#1: signal 29 (SIGIO) received
2022/02/05 16:38:10 [notice] 1#1: signal 17 (SIGCHLD) received from 36
2022/02/05 16:38:10 [notice] 1#1: worker process 34 exited with code 0
2022/02/05 16:38:10 [notice] 1#1: worker process 35 exited with code 0
2022/02/05 16:38:10 [notice] 1#1: worker process 36 exited with code 0
2022/02/05 16:38:10 [notice] 1#1: worker process 33 exited with code 0
2022/02/05 16:38:10 [notice] 1#1: signal 29 (SIGIO) received
2022/02/05 16:38:10 [notice] 1#1: signal 17 (SIGCHLD) received from 33
2022/02/05 16:38:10 [notice] 31#31: exiting
2022/02/05 16:38:10 [notice] 31#31: exit
2022/02/05 16:38:10 [notice] 1#1: signal 17 (SIGCHLD) received from 31
2022/02/05 16:38:10 [notice] 1#1: worker process 31 exited with code 0
2022/02/05 16:38:10 [notice] 1#1: exit
2022/02/05 16:38:50 [notice] 1#1: using the "epoll" event method
2022/02/05 16:38:50 [notice] 1#1: nginx/1.21.5
2022/02/05 16:38:50 [notice] 1#1: built by gcc 10.2.1 20210110 (Debian 10.2.1-6) 
2022/02/05 16:38:50 [notice] 1#1: OS: Linux 5.10.76-linuxkit
2022/02/05 16:38:50 [notice] 1#1: getrlimit(RLIMIT_NOFILE): 1048576:1048576
2022/02/05 16:38:50 [notice] 1#1: start worker processes
2022/02/05 16:38:50 [notice] 1#1: start worker process 31
2022/02/05 16:38:50 [notice] 1#1: start worker process 32
2022/02/05 16:38:50 [notice] 1#1: start worker process 33
2022/02/05 16:38:50 [notice] 1#1: start worker process 34
2022/02/05 16:38:50 [notice] 1#1: start worker process 35
2022/02/05 16:38:50 [notice] 1#1: start worker process 36
2022/02/05 17:54:02 [notice] 1#1: signal 3 (SIGQUIT) received, shutting down
2022/02/05 17:54:02 [notice] 32#32: gracefully shutting down
2022/02/05 17:54:02 [notice] 33#33: gracefully shutting down
2022/02/05 17:54:02 [notice] 33#33: exiting
2022/02/05 17:54:02 [notice] 35#35: gracefully shutting down
2022/02/05 17:54:02 [notice] 36#36: gracefully shutting down
2022/02/05 17:54:02 [notice] 36#36: exiting
2022/02/05 17:54:02 [notice] 34#34: gracefully shutting down
2022/02/05 17:54:02 [notice] 34#34: exiting
2022/02/05 17:54:02 [notice] 31#31: gracefully shutting down
2022/02/05 17:54:02 [notice] 32#32: exiting
2022/02/05 17:54:02 [notice] 33#33: exit
2022/02/05 17:54:02 [notice] 35#35: exiting
2022/02/05 17:54:02 [notice] 36#36: exit
2022/02/05 17:54:02 [notice] 34#34: exit
2022/02/05 17:54:02 [notice] 32#32: exit
2022/02/05 17:54:02 [notice] 35#35: exit
2022/02/05 17:54:02 [notice] 1#1: signal 17 (SIGCHLD) received from 33
2022/02/05 17:54:02 [notice] 1#1: worker process 32 exited with code 0
2022/02/05 17:54:02 [notice] 1#1: worker process 33 exited with code 0
2022/02/05 17:54:02 [notice] 1#1: worker process 34 exited with code 0
2022/02/05 17:54:02 [notice] 1#1: worker process 36 exited with code 0
2022/02/05 17:54:02 [notice] 1#1: signal 29 (SIGIO) received
2022/02/05 17:54:02 [notice] 1#1: signal 17 (SIGCHLD) received from 36
2022/02/05 17:54:02 [notice] 1#1: worker process 35 exited with code 0
2022/02/05 17:54:02 [notice] 1#1: signal 29 (SIGIO) received
2022/02/05 17:54:03 [notice] 31#31: exiting
2022/02/05 17:54:03 [notice] 31#31: exit
2022/02/05 17:54:03 [notice] 1#1: signal 17 (SIGCHLD) received from 31
2022/02/05 17:54:03 [notice] 1#1: worker process 31 exited with code 0
2022/02/05 17:54:03 [notice] 1#1: exit
2022/02/05 17:54:25 [notice] 1#1: using the "epoll" event method
2022/02/05 17:54:25 [notice] 1#1: nginx/1.21.5
2022/02/05 17:54:25 [notice] 1#1: built by gcc 10.2.1 20210110 (Debian 10.2.1-6) 
2022/02/05 17:54:25 [notice] 1#1: OS: Linux 5.10.76-linuxkit
2022/02/05 17:54:25 [notice] 1#1: getrlimit(RLIMIT_NOFILE): 1048576:1048576
2022/02/05 17:54:25 [notice] 1#1: start worker processes
2022/02/05 17:54:25 [notice] 1#1: start worker process 31
2022/02/05 17:54:25 [notice] 1#1: start worker process 32
2022/02/05 17:54:25 [notice] 1#1: start worker process 33
2022/02/05 17:54:25 [notice] 1#1: start worker process 34
2022/02/05 17:54:25 [notice] 1#1: start worker process 35
2022/02/05 17:54:25 [notice] 1#1: start worker process 36
2022/02/05 18:16:08 [notice] 1#1: signal 3 (SIGQUIT) received, shutting down
2022/02/05 18:16:08 [notice] 31#31: gracefully shutting down
2022/02/05 18:16:08 [notice] 33#33: gracefully shutting down
2022/02/05 18:16:08 [notice] 32#32: gracefully shutting down
2022/02/05 18:16:08 [notice] 32#32: exiting
2022/02/05 18:16:08 [notice] 35#35: gracefully shutting down
2022/02/05 18:16:08 [notice] 35#35: exiting
2022/02/05 18:16:08 [notice] 36#36: gracefully shutting down
2022/02/05 18:16:08 [notice] 34#34: gracefully shutting down
2022/02/05 18:16:08 [notice] 34#34: exiting
2022/02/05 18:16:08 [notice] 31#31: exiting
2022/02/05 18:16:08 [notice] 33#33: exiting
2022/02/05 18:16:08 [notice] 32#32: exit
2022/02/05 18:16:08 [notice] 35#35: exit
2022/02/05 18:16:08 [notice] 36#36: exiting
2022/02/05 18:16:08 [notice] 34#34: exit
2022/02/05 18:16:08 [notice] 31#31: exit
2022/02/05 18:16:08 [notice] 33#33: exit
2022/02/05 18:16:08 [notice] 36#36: exit
2022/02/05 18:16:08 [notice] 1#1: signal 17 (SIGCHLD) received from 32
2022/02/05 18:16:08 [notice] 1#1: worker process 32 exited with code 0
2022/02/05 18:16:08 [notice] 1#1: worker process 33 exited with code 0
2022/02/05 18:16:08 [notice] 1#1: signal 29 (SIGIO) received
2022/02/05 18:16:08 [notice] 1#1: signal 17 (SIGCHLD) received from 36
2022/02/05 18:16:08 [notice] 1#1: worker process 34 exited with code 0
2022/02/05 18:16:08 [notice] 1#1: worker process 36 exited with code 0
2022/02/05 18:16:08 [notice] 1#1: signal 29 (SIGIO) received
2022/02/05 18:16:08 [notice] 1#1: signal 17 (SIGCHLD) received from 34
2022/02/05 18:16:08 [notice] 1#1: worker process 35 exited with code 0
2022/02/05 18:16:08 [notice] 1#1: signal 29 (SIGIO) received
2022/02/05 18:16:08 [notice] 1#1: signal 17 (SIGCHLD) received from 35
2022/02/05 18:16:08 [notice] 1#1: signal 17 (SIGCHLD) received from 31
2022/02/05 18:16:08 [notice] 1#1: worker process 31 exited with code 0
2022/02/05 18:16:08 [notice] 1#1: exit
2022/02/05 18:24:47 [notice] 1#1: using the "epoll" event method
2022/02/05 18:24:47 [notice] 1#1: nginx/1.21.5
2022/02/05 18:24:47 [notice] 1#1: built by gcc 10.2.1 20210110 (Debian 10.2.1-6) 
2022/02/05 18:24:47 [notice] 1#1: OS: Linux 5.10.76-linuxkit
2022/02/05 18:24:47 [notice] 1#1: getrlimit(RLIMIT_NOFILE): 1048576:1048576
2022/02/05 18:24:47 [notice] 1#1: start worker processes
2022/02/05 18:24:47 [notice] 1#1: start worker process 30
2022/02/05 18:24:47 [notice] 1#1: start worker process 31
2022/02/05 18:24:47 [notice] 1#1: start worker process 32
2022/02/05 18:24:47 [notice] 1#1: start worker process 33
2022/02/05 18:24:47 [notice] 1#1: start worker process 34
2022/02/05 18:24:47 [notice] 1#1: start worker process 35
2022/02/05 19:11:26 [notice] 1#1: signal 3 (SIGQUIT) received, shutting down
2022/02/05 19:11:26 [notice] 30#30: gracefully shutting down
2022/02/05 19:11:26 [notice] 30#30: exiting
2022/02/05 19:11:26 [notice] 31#31: gracefully shutting down
2022/02/05 19:11:26 [notice] 34#34: gracefully shutting down
2022/02/05 19:11:26 [notice] 34#34: exiting
2022/02/05 19:11:26 [notice] 32#32: gracefully shutting down
2022/02/05 19:11:26 [notice] 33#33: gracefully shutting down
2022/02/05 19:11:26 [notice] 33#33: exiting
2022/02/05 19:11:26 [notice] 35#35: gracefully shutting down
2022/02/05 19:11:26 [notice] 30#30: exit
2022/02/05 19:11:26 [notice] 31#31: exiting
2022/02/05 19:11:26 [notice] 34#34: exit
2022/02/05 19:11:26 [notice] 32#32: exiting
2022/02/05 19:11:26 [notice] 33#33: exit
2022/02/05 19:11:26 [notice] 35#35: exiting
2022/02/05 19:11:26 [notice] 31#31: exit
2022/02/05 19:11:26 [notice] 32#32: exit
2022/02/05 19:11:26 [notice] 35#35: exit
2022/02/05 19:11:26 [notice] 1#1: signal 17 (SIGCHLD) received from 33
2022/02/05 19:11:26 [notice] 1#1: worker process 30 exited with code 0
2022/02/05 19:11:26 [notice] 1#1: worker process 33 exited with code 0
2022/02/05 19:11:26 [notice] 1#1: worker process 34 exited with code 0
2022/02/05 19:11:26 [notice] 1#1: signal 29 (SIGIO) received
2022/02/05 19:11:26 [notice] 1#1: signal 17 (SIGCHLD) received from 31
2022/02/05 19:11:26 [notice] 1#1: worker process 31 exited with code 0
2022/02/05 19:11:26 [notice] 1#1: worker process 32 exited with code 0
2022/02/05 19:11:26 [notice] 1#1: signal 29 (SIGIO) received
2022/02/05 19:11:26 [notice] 1#1: signal 17 (SIGCHLD) received from 35
2022/02/05 19:11:26 [notice] 1#1: worker process 35 exited with code 0
2022/02/05 19:11:26 [notice] 1#1: exit
2022/02/05 19:12:00 [notice] 1#1: using the "epoll" event method
2022/02/05 19:12:00 [notice] 1#1: nginx/1.21.5
2022/02/05 19:12:00 [notice] 1#1: built by gcc 10.2.1 20210110 (Debian 10.2.1-6) 
2022/02/05 19:12:00 [notice] 1#1: OS: Linux 5.10.76-linuxkit
2022/02/05 19:12:00 [notice] 1#1: getrlimit(RLIMIT_NOFILE): 1048576:1048576
2022/02/05 19:12:00 [notice] 1#1: start worker processes
2022/02/05 19:12:00 [notice] 1#1: start worker process 32
2022/02/05 19:12:00 [notice] 1#1: start worker process 33
2022/02/05 19:12:00 [notice] 1#1: start worker process 34
2022/02/05 19:12:00 [notice] 1#1: start worker process 35
2022/02/05 19:12:00 [notice] 1#1: start worker process 36
2022/02/05 19:12:00 [notice] 1#1: start worker process 37
2022/02/05 19:33:04 [notice] 1#1: signal 3 (SIGQUIT) received, shutting down
2022/02/05 19:33:04 [notice] 32#32: gracefully shutting down
2022/02/05 19:33:04 [notice] 36#36: gracefully shutting down
2022/02/05 19:33:04 [notice] 35#35: gracefully shutting down
2022/02/05 19:33:04 [notice] 34#34: gracefully shutting down
2022/02/05 19:33:04 [notice] 33#33: gracefully shutting down
2022/02/05 19:33:04 [notice] 37#37: gracefully shutting down
2022/02/05 19:33:04 [notice] 32#32: exiting
2022/02/05 19:33:04 [notice] 36#36: exiting
2022/02/05 19:33:04 [notice] 35#35: exiting
2022/02/05 19:33:04 [notice] 35#35: exit
2022/02/05 19:33:04 [notice] 34#34: exiting
2022/02/05 19:33:04 [notice] 33#33: exiting
2022/02/05 19:33:04 [notice] 37#37: exiting
2022/02/05 19:33:04 [notice] 32#32: exit
2022/02/05 19:33:04 [notice] 36#36: exit
2022/02/05 19:33:04 [notice] 34#34: exit
2022/02/05 19:33:04 [notice] 33#33: exit
2022/02/05 19:33:04 [notice] 37#37: exit
2022/02/05 19:33:05 [notice] 1#1: signal 17 (SIGCHLD) received from 35
2022/02/05 19:33:05 [notice] 1#1: worker process 35 exited with code 0
2022/02/05 19:33:05 [notice] 1#1: worker process 36 exited with code 0
2022/02/05 19:33:05 [notice] 1#1: signal 29 (SIGIO) received
2022/02/05 19:33:05 [notice] 1#1: signal 17 (SIGCHLD) received from 33
2022/02/05 19:33:05 [notice] 1#1: worker process 33 exited with code 0
2022/02/05 19:33:05 [notice] 1#1: signal 29 (SIGIO) received
2022/02/05 19:33:05 [notice] 1#1: signal 17 (SIGCHLD) received from 32
2022/02/05 19:33:05 [notice] 1#1: worker process 32 exited with code 0
2022/02/05 19:33:05 [notice] 1#1: signal 17 (SIGCHLD) received from 37
2022/02/05 19:33:05 [notice] 1#1: worker process 37 exited with code 0
2022/02/05 19:33:05 [notice] 1#1: signal 29 (SIGIO) received
2022/02/05 19:33:05 [notice] 1#1: signal 17 (SIGCHLD) received from 34
2022/02/05 19:33:05 [notice] 1#1: worker process 34 exited with code 0
2022/02/05 19:33:05 [notice] 1#1: exit
2022/02/05 19:34:58 [notice] 1#1: using the "epoll" event method
2022/02/05 19:34:58 [notice] 1#1: nginx/1.21.5
2022/02/05 19:34:58 [notice] 1#1: built by gcc 10.2.1 20210110 (Debian 10.2.1-6) 
2022/02/05 19:34:58 [notice] 1#1: OS: Linux 5.10.76-linuxkit
2022/02/05 19:34:58 [notice] 1#1: getrlimit(RLIMIT_NOFILE): 1048576:1048576
2022/02/05 19:34:58 [notice] 1#1: start worker processes
2022/02/05 19:34:58 [notice] 1#1: start worker process 30
2022/02/05 19:34:58 [notice] 1#1: start worker process 31
2022/02/05 19:34:58 [notice] 1#1: start worker process 32
2022/02/05 19:34:58 [notice] 1#1: start worker process 33
2022/02/05 19:34:58 [notice] 1#1: start worker process 34
2022/02/05 19:34:58 [notice] 1#1: start worker process 35
2022/02/06 07:06:48 [notice] 1#1: signal 3 (SIGQUIT) received, shutting down
2022/02/06 07:06:48 [notice] 30#30: gracefully shutting down
2022/02/06 07:06:48 [notice] 33#33: gracefully shutting down
2022/02/06 07:06:48 [notice] 34#34: gracefully shutting down
2022/02/06 07:06:48 [notice] 32#32: gracefully shutting down
2022/02/06 07:06:48 [notice] 31#31: gracefully shutting down
2022/02/06 07:06:48 [notice] 33#33: exiting
2022/02/06 07:06:48 [notice] 35#35: gracefully shutting down
2022/02/06 07:06:48 [notice] 32#32: exiting
2022/02/06 07:06:48 [notice] 31#31: exiting
2022/02/06 07:06:48 [notice] 35#35: exiting
2022/02/06 07:06:48 [notice] 31#31: exit
2022/02/06 07:06:48 [notice] 35#35: exit
2022/02/06 07:06:48 [notice] 34#34: exiting
2022/02/06 07:06:48 [notice] 32#32: exit
2022/02/06 07:06:48 [notice] 34#34: exit
2022/02/06 07:06:48 [notice] 33#33: exit
2022/02/06 07:06:49 [notice] 1#1: signal 17 (SIGCHLD) received from 33
2022/02/06 07:06:49 [notice] 1#1: worker process 33 exited with code 0
2022/02/06 07:06:49 [notice] 1#1: worker process 34 exited with code 0
2022/02/06 07:06:49 [notice] 1#1: signal 29 (SIGIO) received
2022/02/06 07:06:49 [notice] 1#1: signal 17 (SIGCHLD) received from 34
2022/02/06 07:06:49 [notice] 1#1: worker process 31 exited with code 0
2022/02/06 07:06:49 [notice] 1#1: worker process 32 exited with code 0
2022/02/06 07:06:49 [notice] 1#1: worker process 35 exited with code 0
2022/02/06 07:06:49 [notice] 1#1: signal 29 (SIGIO) received
2022/02/06 07:06:49 [notice] 30#30: exiting
2022/02/06 07:06:49 [notice] 30#30: exit
2022/02/06 07:06:49 [notice] 1#1: signal 17 (SIGCHLD) received from 30
2022/02/06 07:06:49 [notice] 1#1: worker process 30 exited with code 0
2022/02/06 07:06:49 [notice] 1#1: exit
2022/02/06 07:24:07 [notice] 1#1: using the "epoll" event method
2022/02/06 07:24:07 [notice] 1#1: nginx/1.21.5
2022/02/06 07:24:07 [notice] 1#1: built by gcc 10.2.1 20210110 (Debian 10.2.1-6) 
2022/02/06 07:24:07 [notice] 1#1: OS: Linux 5.10.76-linuxkit
2022/02/06 07:24:07 [notice] 1#1: getrlimit(RLIMIT_NOFILE): 1048576:1048576
2022/02/06 07:24:07 [notice] 1#1: start worker processes
2022/02/06 07:24:07 [notice] 1#1: start worker process 31
2022/02/06 07:24:07 [notice] 1#1: start worker process 32
2022/02/06 07:24:07 [notice] 1#1: start worker process 33
2022/02/06 07:24:07 [notice] 1#1: start worker process 34
2022/02/06 07:24:07 [notice] 1#1: start worker process 35
2022/02/06 07:24:07 [notice] 1#1: start worker process 36
2022/02/06 08:04:37 [notice] 1#1: signal 3 (SIGQUIT) received, shutting down
2022/02/06 08:04:37 [notice] 32#32: gracefully shutting down
2022/02/06 08:04:37 [notice] 32#32: exiting
2022/02/06 08:04:37 [notice] 33#33: gracefully shutting down
2022/02/06 08:04:37 [notice] 34#34: gracefully shutting down
2022/02/06 08:04:37 [notice] 31#31: gracefully shutting down
2022/02/06 08:04:37 [notice] 36#36: gracefully shutting down
2022/02/06 08:04:37 [notice] 35#35: gracefully shutting down
2022/02/06 08:04:37 [notice] 32#32: exit
2022/02/06 08:04:37 [notice] 33#33: exiting
2022/02/06 08:04:37 [notice] 34#34: exiting
2022/02/06 08:04:37 [notice] 36#36: exiting
2022/02/06 08:04:37 [notice] 35#35: exiting
2022/02/06 08:04:37 [notice] 33#33: exit
2022/02/06 08:04:37 [notice] 34#34: exit
2022/02/06 08:04:37 [notice] 36#36: exit
2022/02/06 08:04:37 [notice] 35#35: exit
2022/02/06 08:04:37 [notice] 1#1: signal 17 (SIGCHLD) received from 32
2022/02/06 08:04:37 [notice] 1#1: worker process 32 exited with code 0
2022/02/06 08:04:37 [notice] 1#1: signal 29 (SIGIO) received
2022/02/06 08:04:37 [notice] 1#1: signal 17 (SIGCHLD) received from 33
2022/02/06 08:04:37 [notice] 1#1: worker process 33 exited with code 0
2022/02/06 08:04:37 [notice] 1#1: worker process 34 exited with code 0
2022/02/06 08:04:37 [notice] 1#1: signal 29 (SIGIO) received
2022/02/06 08:04:37 [notice] 1#1: signal 17 (SIGCHLD) received from 36
2022/02/06 08:04:37 [notice] 1#1: worker process 36 exited with code 0
2022/02/06 08:04:37 [notice] 1#1: signal 29 (SIGIO) received
2022/02/06 08:04:37 [notice] 1#1: signal 17 (SIGCHLD) received from 35
2022/02/06 08:04:37 [notice] 1#1: worker process 35 exited with code 0
2022/02/06 08:04:37 [notice] 1#1: signal 29 (SIGIO) received
2022/02/06 08:04:38 [notice] 31#31: exiting
2022/02/06 08:04:38 [notice] 31#31: exit
2022/02/06 08:04:38 [notice] 1#1: signal 17 (SIGCHLD) received from 31
2022/02/06 08:04:38 [notice] 1#1: worker process 31 exited with code 0
2022/02/06 08:04:38 [notice] 1#1: exit
2022/02/06 08:05:14 [notice] 1#1: using the "epoll" event method
2022/02/06 08:05:14 [notice] 1#1: nginx/1.21.5
2022/02/06 08:05:14 [notice] 1#1: built by gcc 10.2.1 20210110 (Debian 10.2.1-6) 
2022/02/06 08:05:14 [notice] 1#1: OS: Linux 5.10.76-linuxkit
2022/02/06 08:05:14 [notice] 1#1: getrlimit(RLIMIT_NOFILE): 1048576:1048576
2022/02/06 08:05:14 [notice] 1#1: start worker processes
2022/02/06 08:05:14 [notice] 1#1: start worker process 31
2022/02/06 08:05:14 [notice] 1#1: start worker process 32
2022/02/06 08:05:14 [notice] 1#1: start worker process 33
2022/02/06 08:05:14 [notice] 1#1: start worker process 34
2022/02/06 08:05:14 [notice] 1#1: start worker process 35
2022/02/06 08:05:14 [notice] 1#1: start worker process 36
2022/02/06 08:10:24 [notice] 1#1: signal 3 (SIGQUIT) received, shutting down
2022/02/06 08:10:24 [notice] 31#31: gracefully shutting down
2022/02/06 08:10:24 [notice] 33#33: gracefully shutting down
2022/02/06 08:10:24 [notice] 34#34: gracefully shutting down
2022/02/06 08:10:24 [notice] 34#34: exiting
2022/02/06 08:10:24 [notice] 32#32: gracefully shutting down
2022/02/06 08:10:24 [notice] 35#35: gracefully shutting down
2022/02/06 08:10:24 [notice] 35#35: exiting
2022/02/06 08:10:24 [notice] 36#36: gracefully shutting down
2022/02/06 08:10:24 [notice] 31#31: exiting
2022/02/06 08:10:24 [notice] 34#34: exit
2022/02/06 08:10:24 [notice] 35#35: exit
2022/02/06 08:10:24 [notice] 36#36: exiting
2022/02/06 08:10:24 [notice] 31#31: exit
2022/02/06 08:10:24 [notice] 36#36: exit
2022/02/06 08:10:24 [notice] 1#1: signal 17 (SIGCHLD) received from 35
2022/02/06 08:10:24 [notice] 1#1: worker process 31 exited with code 0
2022/02/06 08:10:24 [notice] 1#1: worker process 34 exited with code 0
2022/02/06 08:10:24 [notice] 1#1: worker process 35 exited with code 0
2022/02/06 08:10:24 [notice] 1#1: worker process 36 exited with code 0
2022/02/06 08:10:24 [notice] 1#1: signal 29 (SIGIO) received
2022/02/06 08:11:08 [notice] 1#1: using the "epoll" event method
2022/02/06 08:11:08 [notice] 1#1: nginx/1.21.5
2022/02/06 08:11:08 [notice] 1#1: built by gcc 10.2.1 20210110 (Debian 10.2.1-6) 
2022/02/06 08:11:08 [notice] 1#1: OS: Linux 5.10.76-linuxkit
2022/02/06 08:11:08 [notice] 1#1: getrlimit(RLIMIT_NOFILE): 1048576:1048576
2022/02/06 08:11:08 [notice] 1#1: start worker processes
2022/02/06 08:11:08 [notice] 1#1: start worker process 31
2022/02/06 08:11:08 [notice] 1#1: start worker process 32
2022/02/06 08:11:08 [notice] 1#1: start worker process 33
2022/02/06 08:11:08 [notice] 1#1: start worker process 34
2022/02/06 08:11:08 [notice] 1#1: start worker process 35
2022/02/06 08:11:08 [notice] 1#1: start worker process 36
2022/02/06 10:20:59 [warn] 31#31: *171 a client request body is buffered to a temporary file /var/cache/nginx/client_temp/0000000001, client: 192.168.220.2, server: 127.0.0.1, request: "POST /api/posts/create.php HTTP/1.1", host: "nginx:3000", referrer: "http://localhost:8080/add_post"
2022/02/06 10:21:38 [warn] 31#31: *173 a client request body is buffered to a temporary file /var/cache/nginx/client_temp/0000000002, client: 192.168.220.2, server: 127.0.0.1, request: "POST /api/posts/create.php HTTP/1.1", host: "nginx:3000", referrer: "http://localhost:8080/add_post"
2022/02/06 10:22:23 [warn] 31#31: *175 a client request body is buffered to a temporary file /var/cache/nginx/client_temp/0000000003, client: 192.168.220.2, server: 127.0.0.1, request: "POST /api/posts/create.php HTTP/1.1", host: "nginx:3000", referrer: "http://localhost:8080/add_post"
2022/02/06 10:31:16 [warn] 31#31: *195 a client request body is buffered to a temporary file /var/cache/nginx/client_temp/0000000004, client: 192.168.220.2, server: 127.0.0.1, request: "POST /api/posts/create.php HTTP/1.1", host: "nginx:3000", referrer: "http://localhost:8080/add_post"
2022/02/06 10:31:40 [warn] 31#31: *197 a client request body is buffered to a temporary file /var/cache/nginx/client_temp/0000000005, client: 192.168.220.2, server: 127.0.0.1, request: "POST /api/posts/create.php HTTP/1.1", host: "nginx:3000", referrer: "http://localhost:8080/add_post"
2022/02/06 10:42:20 [warn] 31#31: *201 a client request body is buffered to a temporary file /var/cache/nginx/client_temp/0000000006, client: 192.168.220.2, server: 127.0.0.1, request: "POST /api/posts/create.php HTTP/1.1", host: "nginx:3000", referrer: "http://localhost:8080/add_post"
2022/02/06 10:43:01 [warn] 31#31: *203 a client request body is buffered to a temporary file /var/cache/nginx/client_temp/0000000007, client: 192.168.220.2, server: 127.0.0.1, request: "POST /api/posts/create.php HTTP/1.1", host: "nginx:3000", referrer: "http://localhost:8080/add_post"
2022/02/06 12:05:53 [warn] 31#31: *209 a client request body is buffered to a temporary file /var/cache/nginx/client_temp/0000000008, client: 192.168.220.2, server: 127.0.0.1, request: "POST /api/posts/create.php HTTP/1.1", host: "nginx:3000", referrer: "http://localhost:8080/add_post"
2022/02/06 12:06:32 [warn] 31#31: *211 a client request body is buffered to a temporary file /var/cache/nginx/client_temp/0000000009, client: 192.168.220.2, server: 127.0.0.1, request: "POST /api/posts/create.php HTTP/1.1", host: "nginx:3000", referrer: "http://localhost:8080/add_post"
2022/02/06 12:06:38 [warn] 31#31: *213 a client request body is buffered to a temporary file /var/cache/nginx/client_temp/0000000010, client: 192.168.220.2, server: 127.0.0.1, request: "POST /api/posts/create.php HTTP/1.1", host: "nginx:3000", referrer: "http://localhost:8080/add_post"
2022/02/06 12:07:13 [warn] 31#31: *215 a client request body is buffered to a temporary file /var/cache/nginx/client_temp/0000000011, client: 192.168.220.2, server: 127.0.0.1, request: "POST /api/posts/create.php HTTP/1.1", host: "nginx:3000", referrer: "http://localhost:8080/add_post"
2022/02/06 12:08:10 [warn] 31#31: *217 a client request body is buffered to a temporary file /var/cache/nginx/client_temp/0000000012, client: 192.168.220.2, server: 127.0.0.1, request: "POST /api/posts/create.php HTTP/1.1", host: "nginx:3000", referrer: "http://localhost:8080/add_post"
2022/02/06 12:09:53 [warn] 31#31: *219 a client request body is buffered to a temporary file /var/cache/nginx/client_temp/0000000013, client: 192.168.220.2, server: 127.0.0.1, request: "POST /api/posts/create.php HTTP/1.1", host: "nginx:3000", referrer: "http://localhost:8080/add_post"
2022/02/07 09:02:20 [notice] 1#1: signal 3 (SIGQUIT) received, shutting down
2022/02/07 09:02:20 [notice] 33#33: gracefully shutting down
2022/02/07 09:02:20 [notice] 32#32: gracefully shutting down
2022/02/07 09:02:20 [notice] 34#34: gracefully shutting down
2022/02/07 09:02:20 [notice] 31#31: gracefully shutting down
2022/02/07 09:02:20 [notice] 36#36: gracefully shutting down
2022/02/07 09:02:20 [notice] 35#35: gracefully shutting down
2022/02/07 09:02:20 [notice] 32#32: exiting
2022/02/07 09:02:20 [notice] 34#34: exiting
2022/02/07 09:02:20 [notice] 31#31: exiting
2022/02/07 09:02:20 [notice] 31#31: exit
2022/02/07 09:02:20 [notice] 35#35: exiting
2022/02/07 09:02:20 [notice] 32#32: exit
2022/02/07 09:02:20 [notice] 34#34: exit
2022/02/07 09:02:20 [notice] 35#35: exit
2022/02/07 09:02:20 [notice] 33#33: exiting
2022/02/07 09:02:20 [notice] 36#36: exiting
2022/02/07 09:02:20 [notice] 33#33: exit
2022/02/07 09:02:20 [notice] 36#36: exit
2022/02/07 09:02:20 [notice] 1#1: signal 17 (SIGCHLD) received from 34
2022/02/07 09:02:20 [notice] 1#1: worker process 34 exited with code 0
2022/02/07 09:02:20 [notice] 1#1: signal 29 (SIGIO) received
2022/02/07 09:02:20 [notice] 1#1: signal 17 (SIGCHLD) received from 35
2022/02/07 09:02:20 [notice] 1#1: worker process 35 exited with code 0
2022/02/07 09:02:20 [notice] 1#1: signal 29 (SIGIO) received
2022/02/07 09:02:20 [notice] 1#1: signal 17 (SIGCHLD) received from 31
2022/02/07 09:02:20 [notice] 1#1: worker process 31 exited with code 0
2022/02/07 09:02:20 [notice] 1#1: worker process 32 exited with code 0
2022/02/07 09:02:20 [notice] 1#1: worker process 33 exited with code 0
2022/02/07 09:02:20 [notice] 1#1: signal 17 (SIGCHLD) received from 33
2022/02/07 09:02:20 [notice] 1#1: worker process 36 exited with code 0
2022/02/07 09:02:20 [notice] 1#1: exit
